
> @workspace/scholar-forge@0.0.0 build
> next build

  ▲ Next.js 14.2.35
  - Environments: .env.production, .env
  - Experiments (use with caution):
    · esmExternals

   Creating an optimized production build ...
 ✓ Compiled successfully
   Linting and checking validity of types ...
   Collecting page data ...
Redis not configured, using in-memory fallback
Redis not configured, using in-memory fallback
   Generating static pages (0/22) ...
   Generating static pages (5/22) 
Redis not configured, using in-memory fallback
Redis not configured, using in-memory fallback
   Generating static pages (10/22) 
   Generating static pages (16/22) 
 ✓ Generating static pages (22/22)
   Finalizing page optimization ...
   Collecting build traces ...

Route (app)                               Size     First Load JS
┌ ○ /                                     4.47 kB         148 kB
├ ○ /_not-found                           141 B          87.7 kB
├ ○ /admin                                17 kB           243 kB
├ ƒ /api/auth/[...nextauth]               0 B                0 B
├ ƒ /api/auth/forgot-password             0 B                0 B
├ ƒ /api/auth/register                    0 B                0 B
├ ƒ /api/auth/reset-password              0 B                0 B
├ ƒ /api/auth/verify-email                0 B                0 B
├ ƒ /api/notifications/unread-count       0 B                0 B
├ ƒ /api/users/me                         0 B                0 B
├ ƒ /api/users/me/notifications           0 B                0 B
├ ƒ /api/users/me/notifications/[id]      0 B                0 B
├ ƒ /api/users/me/notifications/read-all  0 B                0 B
├ ƒ /api/users/me/password                0 B                0 B
├ ○ /dashboard/author                     4.02 kB         159 kB
├ ○ /dashboard/author/submit              24.7 kB         155 kB
├ ○ /dashboard/reviewer                   2.77 kB         157 kB
├ ƒ /dashboard/reviewer/active/[id]       5.45 kB         151 kB
├ ○ /dashboard/reviewer/badges            5.77 kB         136 kB
├ ○ /explore                              5.32 kB         145 kB
├ ○ /leaderboard                          7.59 kB         138 kB
├ ○ /login                                4.12 kB         148 kB
├ ƒ /paper/[id]                           10.3 kB         245 kB
└ ○ /register                             4.99 kB         148 kB
+ First Load JS shared by all             87.5 kB
  ├ chunks/117-ab4e5db51fa88c3f.js        31.9 kB
  ├ chunks/fd9d1056-8c525cfbc785249a.js   53.6 kB
  └ other shared chunks (total)           2 kB


ƒ Middleware                              146 kB

○  (Static)   prerendered as static content
ƒ  (Dynamic)  server-rendered on demand


> @workspace/scholar-forge@0.0.0 postbuild
> prisma migrate deploy

warn The configuration property `package.json#prisma` is deprecated and will be removed in Prisma 7. Please migrate to a Prisma config file (e.g., `prisma.config.ts`).
For more information, see: https://pris.ly/prisma-config

Loaded Prisma config from prisma.config.ts.

warn The Prisma config file in prisma.config.ts overrides the deprecated `package.json#prisma` property in package.json.
  For more information, see: https://pris.ly/prisma-config

Prisma config detected, skipping environment variable loading.
Prisma schema loaded from prisma\schema.prisma
Datasource "db": PostgreSQL database "postgres", schema "public" at "localhost:51213"

2 migrations found in prisma/migrations

Error: P3019

The datasource provider `postgresql` specified in your schema does not match the one specified in the migration_lock.toml, `sqlite`. Please remove your current migration directory and start a new migration history with prisma migrate dev. Read more: https://pris.ly/d/migrate-provider-switch

